<?xml version="1.0" encoding="UTF-8"?>
<!-- Generated by org.testng.reporters.JUnitXMLReporter -->
<testsuite hostname="DESKTOP-8PDR25K" ignored="0" name="Test" tests="10" failures="0" timestamp="2023-01-23T09:34:44 IST" time="81.1" errors="0">
  <testcase name="shippingButton" time="4.868" classname="smartBearApplicationTestCase.SB_Sports_009"/>
  <testcase name="removeButton" time="4.556" classname="smartBearApplicationTestCase.SB_Sports_008"/>
  <testcase name="addToCart" time="3.294" classname="smartBearApplicationTestCase.SB_Sports_007"/>
  <testcase name="sportsCategory" time="2.827" classname="smartBearApplicationTestCase.SB_Sports_002"/>
  <testcase name="sportsCategory" time="0.133" classname="smartBearApplicationTestCase.SB_Sports_001"/>
  <testcase name="aboutUsButton" time="0.762" classname="smartBearApplicationTestCase.SB_Sports_010"/>
  <testcase name="soccerButton" time="4.933" classname="smartBearApplicationTestCase.SB_Sports_006"/>
  <testcase name="golfButton" time="5.099" classname="smartBearApplicationTestCase.SB_Sports_005"/>
  <testcase name="Showbutton" time="2.647" classname="smartBearApplicationTestCase.SB_Sports_004"/>
  <testcase name="sortbyrelevancedropdown" time="2.945" classname="smartBearApplicationTestCase.SB_Sports_003"/>
</testsuite> <!-- Test -->
